2026-06-03 09:55:01 - Cleaning up trading blocks...
2026-06-03 09:55:01 - Removed blocked_symbols.txt
2026-06-03 09:55:01 - ✅ Ready for trading
2026-06-04 09:55:01 - Cleaning up trading blocks...
2026-06-04 09:55:01 - Removed stand_down
2026-06-04 09:55:01 - ✅ Ready for trading
Cleanup check 2026-06-08 10:46:10
--- Done ---
2026-06-08 22:26:40 - Cleaning up trading blocks...
2026-06-08 22:26:40 - Removed stand_down
2026-06-08 22:26:40 - Removed blocked_symbols.txt
2026-06-08 22:26:40 - ✅ Ready for trading
2026-06-09 09:55:01 - Cleaning up trading blocks...
2026-06-09 09:55:01 - ✅ Ready for trading
2026-06-11 09:55:01 - Cleaning up trading blocks...
2026-06-11 09:55:01 - Removed stand_down
2026-06-11 09:55:01 - ✅ Ready for trading
2026-06-11 09:55:07 - Cleaning up trading blocks...
2026-06-11 09:55:07 - ✅ Ready for trading
2026-06-14 09:00:01 - Cleaning up trading blocks...
2026-06-14 09:00:01 - Removed stand_down
2026-06-14 09:00:01 - ✅ Ready for trading
2026-06-14 09:55:02 - Cleaning up trading blocks...
2026-06-14 09:55:02 - ✅ Ready for trading
2026-06-15 09:00:01 - Cleaning up trading blocks...
2026-06-15 09:00:01 - Removed stand_down
2026-06-15 09:00:01 - ✅ Ready for trading
2026-06-15 09:55:03 - Cleaning up trading blocks...
2026-06-15 09:55:03 - ✅ Ready for trading
2026-06-16 09:00:01 - Cleaning up trading blocks...
2026-06-16 09:00:01 - Removed stand_down
2026-06-16 09:00:01 - ✅ Ready for trading
2026-06-16 09:55:02 - Cleaning up trading blocks...
2026-06-16 09:55:02 - ✅ Ready for trading
2026-06-17 09:00:01 - Cleaning up trading blocks...
2026-06-17 09:00:01 - Removed stand_down
2026-06-17 09:00:01 - ✅ Ready for trading
2026-06-17 09:55:02 - Cleaning up trading blocks...
2026-06-17 09:55:02 - ✅ Ready for trading
2026-06-18 09:00:01 - Cleaning up trading blocks...
2026-06-18 09:00:01 - ✅ Ready for trading
2026-06-18 09:55:02 - Cleaning up trading blocks...
2026-06-18 09:55:02 - ✅ Ready for trading
2026-06-21 09:00:01 - Cleaning up trading blocks...
2026-06-21 09:00:01 - Removed stand_down
2026-06-21 09:00:01 - Removed blocked_symbols.txt
2026-06-21 09:00:01 - ✅ Ready for trading
2026-06-21 09:55:10 - Cleaning up trading blocks...
2026-06-21 09:55:10 - ✅ Ready for trading
2026-06-22 09:00:01 - Cleaning up trading blocks...
2026-06-22 09:00:01 - Removed stand_down
2026-06-22 09:00:01 - ✅ Ready for trading
2026-06-22 09:55:03 - Cleaning up trading blocks...
2026-06-22 09:55:03 - ✅ Ready for trading
2026-06-23 09:00:01 - Cleaning up trading blocks...
2026-06-23 09:00:01 - Removed stand_down
2026-06-23 09:00:01 - Removed blocked_symbols.txt
2026-06-23 09:00:01 - ✅ Ready for trading
2026-06-23 09:55:03 - Cleaning up trading blocks...
2026-06-23 09:55:03 - ✅ Ready for trading
2026-06-24 09:00:01 - Cleaning up trading blocks...
2026-06-24 09:00:01 - Removed stand_down
2026-06-24 09:00:01 - Removed blocked_symbols.txt
2026-06-24 09:00:01 - ✅ Ready for trading
2026-06-24 09:55:02 - Cleaning up trading blocks...
2026-06-24 09:55:02 - ✅ Ready for trading
